<?xml version="1.0" encoding="UTF-8"?>
<testng-results ignored="0" total="5" passed="3" failed="2" skipped="0">
  <reporter-output>
  </reporter-output>
  <suite started-at="2024-07-14T20:48:45 IST" name="Default suite" finished-at="2024-07-14T20:49:53 IST" duration-ms="68775">
    <groups>
    </groups>
    <test started-at="2024-07-14T20:48:45 IST" name="Default test" finished-at="2024-07-14T20:49:53 IST" duration-ms="68775">
      <class name="BasePackage.DataProviderDemo1$Login_TestNG">
        <test-method signature="readfromdataprovider(java.lang.String,java.lang.String,java.lang.String)[pri:0, instance:BasePackage.DataProviderDemo1$Login_TestNG@6f0ca692]" started-at="2024-07-14T20:48:45 IST" name="readfromdataprovider" data-provider="TestDataforlogin" finished-at="2024-07-14T20:49:09 IST" duration-ms="24509" status="PASS">
          <params>
            <param index="0">
              <value>
                <![CDATA[https://tutorialsninja.com/demo/]]>
              </value>
            </param>
            <param index="1">
              <value>
                <![CDATA[hemangmahajani10@gmail.com]]>
              </value>
            </param>
            <param index="2">
              <value>
                <![CDATA[123457]]>
              </value>
            </param>
          </params>
          <reporter-output>
          </reporter-output>
        </test-method> <!-- readfromdataprovider -->
        <test-method signature="readfromdataprovider(java.lang.String,java.lang.String,java.lang.String)[pri:0, instance:BasePackage.DataProviderDemo1$Login_TestNG@6f0ca692]" started-at="2024-07-14T20:49:09 IST" name="readfromdataprovider" data-provider="TestDataforlogin" finished-at="2024-07-14T20:49:32 IST" duration-ms="22248" status="PASS">
          <params>
            <param index="0">
              <value>
                <![CDATA[https://tutorialsninja.com/demo/]]>
              </value>
            </param>
            <param index="1">
              <value>
                <![CDATA[hemangmahajani10@gmail.com]]>
              </value>
            </param>
            <param index="2">
              <value>
                <![CDATA[123456]]>
              </value>
            </param>
          </params>
          <reporter-output>
          </reporter-output>
        </test-method> <!-- readfromdataprovider -->
        <test-method signature="readfromdataprovider(java.lang.String,java.lang.String,java.lang.String)[pri:0, instance:BasePackage.DataProviderDemo1$Login_TestNG@6f0ca692]" started-at="2024-07-14T20:49:32 IST" name="readfromdataprovider" data-provider="TestDataforlogin" finished-at="2024-07-14T20:49:53 IST" duration-ms="21729" status="PASS">
          <params>
            <param index="0">
              <value>
                <![CDATA[https://tutorialsninja.com/demo/]]>
              </value>
            </param>
            <param index="1">
              <value>
                <![CDATA[hemangmahajani09@gmail.com]]>
              </value>
            </param>
            <param index="2">
              <value>
                <![CDATA[12345]]>
              </value>
            </param>
          </params>
          <reporter-output>
          </reporter-output>
        </test-method> <!-- readfromdataprovider -->
        <test-method signature="readinvalidparameter(java.lang.String,java.lang.String,java.lang.String)[pri:0, instance:BasePackage.DataProviderDemo1$Login_TestNG@6f0ca692]" started-at="2024-07-14T20:49:53 IST" name="readinvalidparameter" finished-at="2024-07-14T20:49:53 IST" duration-ms="0" status="FAIL">
          <exception class="org.testng.TestNGException">
            <message>
              <![CDATA[
Parameter 'invalidemail' is required by @Test on method readinvalidparameter but has not been marked @Optional or defined
in /private/var/folders/fh/n7qfz_5x5ln1jfstvz3f2my00000gn/T/testng-eclipse--625459289/testng-customsuite.xml]]>
            </message>
            <full-stacktrace>
              <![CDATA[org.testng.TestNGException: 
Parameter 'invalidemail' is required by @Test on method readinvalidparameter but has not been marked @Optional or defined
in /private/var/folders/fh/n7qfz_5x5ln1jfstvz3f2my00000gn/T/testng-eclipse--625459289/testng-customsuite.xml
at org.testng.internal.Parameters.createParams(Parameters.java:267)
at org.testng.internal.Parameters.createParametersForMethod(Parameters.java:355)
at org.testng.internal.Parameters.createParameters(Parameters.java:693)
at org.testng.internal.Parameters.handleParameters(Parameters.java:888)
at org.testng.internal.Parameters.handleParameters(Parameters.java:737)
at org.testng.internal.invokers.ParameterHandler.handleParameters(ParameterHandler.java:72)
at org.testng.internal.invokers.ParameterHandler.createParameters(ParameterHandler.java:51)
at org.testng.internal.invokers.TestInvoker$MethodInvocationAgent.invoke(TestInvoker.java:915)
at org.testng.internal.invokers.TestInvoker.invokeTestMethods(TestInvoker.java:201)
at org.testng.internal.invokers.TestMethodWorker.invokeTestMethods(TestMethodWorker.java:148)
at org.testng.internal.invokers.TestMethodWorker.run(TestMethodWorker.java:128)
at java.base/java.util.ArrayList.forEach(ArrayList.java:1511)
at org.testng.TestRunner.privateRun(TestRunner.java:819)
at org.testng.TestRunner.run(TestRunner.java:619)
at org.testng.SuiteRunner.runTest(SuiteRunner.java:443)
at org.testng.SuiteRunner.runSequentially(SuiteRunner.java:437)
at org.testng.SuiteRunner.privateRun(SuiteRunner.java:397)
at org.testng.SuiteRunner.run(SuiteRunner.java:336)
at org.testng.SuiteRunnerWorker.runSuite(SuiteRunnerWorker.java:52)
at org.testng.SuiteRunnerWorker.run(SuiteRunnerWorker.java:95)
at org.testng.TestNG.runSuitesSequentially(TestNG.java:1301)
at org.testng.TestNG.runSuitesLocally(TestNG.java:1228)
at org.testng.TestNG.runSuites(TestNG.java:1134)
at org.testng.TestNG.run(TestNG.java:1101)
at org.testng.remote.AbstractRemoteTestNG.run(AbstractRemoteTestNG.java:115)
at org.testng.remote.RemoteTestNG.initAndRun(RemoteTestNG.java:293)
at org.testng.remote.RemoteTestNG.main(RemoteTestNG.java:91)
]]>
            </full-stacktrace>
          </exception> <!-- org.testng.TestNGException -->
          <reporter-output>
          </reporter-output>
        </test-method> <!-- readinvalidparameter -->
        <test-method signature="readvalidparameter(java.lang.String,java.lang.String,java.lang.String)[pri:0, instance:BasePackage.DataProviderDemo1$Login_TestNG@6f0ca692]" started-at="2024-07-14T20:49:53 IST" name="readvalidparameter" finished-at="2024-07-14T20:49:53 IST" duration-ms="0" status="FAIL">
          <exception class="org.testng.TestNGException">
            <message>
              <![CDATA[
Parameter 'validemail' is required by @Test on method readvalidparameter but has not been marked @Optional or defined
in /private/var/folders/fh/n7qfz_5x5ln1jfstvz3f2my00000gn/T/testng-eclipse--625459289/testng-customsuite.xml]]>
            </message>
            <full-stacktrace>
              <![CDATA[org.testng.TestNGException: 
Parameter 'validemail' is required by @Test on method readvalidparameter but has not been marked @Optional or defined
in /private/var/folders/fh/n7qfz_5x5ln1jfstvz3f2my00000gn/T/testng-eclipse--625459289/testng-customsuite.xml
at org.testng.internal.Parameters.createParams(Parameters.java:267)
at org.testng.internal.Parameters.createParametersForMethod(Parameters.java:355)
at org.testng.internal.Parameters.createParameters(Parameters.java:693)
at org.testng.internal.Parameters.handleParameters(Parameters.java:888)
at org.testng.internal.Parameters.handleParameters(Parameters.java:737)
at org.testng.internal.invokers.ParameterHandler.handleParameters(ParameterHandler.java:72)
at org.testng.internal.invokers.ParameterHandler.createParameters(ParameterHandler.java:51)
at org.testng.internal.invokers.TestInvoker$MethodInvocationAgent.invoke(TestInvoker.java:915)
at org.testng.internal.invokers.TestInvoker.invokeTestMethods(TestInvoker.java:201)
at org.testng.internal.invokers.TestMethodWorker.invokeTestMethods(TestMethodWorker.java:148)
at org.testng.internal.invokers.TestMethodWorker.run(TestMethodWorker.java:128)
at java.base/java.util.ArrayList.forEach(ArrayList.java:1511)
at org.testng.TestRunner.privateRun(TestRunner.java:819)
at org.testng.TestRunner.run(TestRunner.java:619)
at org.testng.SuiteRunner.runTest(SuiteRunner.java:443)
at org.testng.SuiteRunner.runSequentially(SuiteRunner.java:437)
at org.testng.SuiteRunner.privateRun(SuiteRunner.java:397)
at org.testng.SuiteRunner.run(SuiteRunner.java:336)
at org.testng.SuiteRunnerWorker.runSuite(SuiteRunnerWorker.java:52)
at org.testng.SuiteRunnerWorker.run(SuiteRunnerWorker.java:95)
at org.testng.TestNG.runSuitesSequentially(TestNG.java:1301)
at org.testng.TestNG.runSuitesLocally(TestNG.java:1228)
at org.testng.TestNG.runSuites(TestNG.java:1134)
at org.testng.TestNG.run(TestNG.java:1101)
at org.testng.remote.AbstractRemoteTestNG.run(AbstractRemoteTestNG.java:115)
at org.testng.remote.RemoteTestNG.initAndRun(RemoteTestNG.java:293)
at org.testng.remote.RemoteTestNG.main(RemoteTestNG.java:91)
]]>
            </full-stacktrace>
          </exception> <!-- org.testng.TestNGException -->
          <reporter-output>
          </reporter-output>
        </test-method> <!-- readvalidparameter -->
      </class> <!-- BasePackage.DataProviderDemo1$Login_TestNG -->
    </test> <!-- Default test -->
  </suite> <!-- Default suite -->
</testng-results>
